<?xml version="1.0" encoding="UTF-8"?>
<!-- Generated by org.testng.reporters.JUnitXMLReporter -->
<testsuite hostname="Alisha-PC" ignored="0" name="Test" tests="4" failures="0" timestamp="14 Nov 2018 08:53:21 GMT" time="8.683" errors="0">
  <testcase name="testFirstTitle" time="0.095" classname="com.WW.Question2"/>
  <testcase name="checkSecondPage" time="4.788" classname="com.WW.Question2"/>
  <testcase name="fetchValues" time="2.022" classname="com.WW.Question2"/>
  <testcase name="getScheduleSummary" time="1.719" classname="com.WW.Question2"/>
</testsuite> <!-- Test -->
